<?xml version="1.0" encoding="UTF-8"?>
<!-- Generated by org.testng.reporters.JUnitXMLReporter -->
<testsuite hostname="Catherines-Air" ignored="0" name="FirefoxTest" tests="4" failures="0" timestamp="31 Jan 2017 01:54:59 GMT" time="9.269" errors="0">
  <testcase name="acceptConsentToUse" time="0.111" classname="automated_tests.InitialPopups"/>
  <testcase name="acceptTermsOfUse" time="0.04" classname="automated_tests.InitialPopups"/>
  <testcase name="clickInstructionsOverlay" time="1.24" classname="automated_tests.InitialPopups"/>
  <testcase name="main" time="0.186" classname="automated_tests.InitialPopups"/>
</testsuite> <!-- FirefoxTest -->
